<?xml version="1.0" encoding="UTF-8"?>
<!-- Generated by org.testng.reporters.JUnitReportReporter -->
<testsuite hostname="nedim-Aspire-5749Z" name="mTin.SmokeTest" tests="1" failures="0" timestamp="29 Jun 2016 08:44:28 GMT" time="145.219" errors="0">
  <testcase name="f" time="145.219" classname="mTin.SmokeTest"/>
</testsuite> <!-- mTin.SmokeTest -->
